<?xml version="1.0" encoding="UTF-8" ?>
<testsuite tests="1" failures="0" name="org.example.AppTest" time="0.005" errors="0" skipped="0">
  <properties>
    <property name="java.runtime.name" value="OpenJDK Runtime Environment"/>
    <property name="java.vm.version" value="11.0.2+9"/>
    <property name="sun.boot.library.path" value="C:\Users\F7287356\jdk\bin"/>
    <property name="maven.multiModuleProjectDirectory" value="C:/Users/F7287356/OneDrive - Banco do Brasil S.A/Área de Trabalho/Java/LetsCode/Maven/Loja"/>
    <property name="java.vm.vendor" value="Oracle Corporation"/>
    <property name="java.vendor.url" value="http://java.oracle.com/"/>
    <property name="guice.disable.misplaced.annotation.check" value="true"/>
    <property name="path.separator" value=";"/>
    <property name="java.vm.name" value="OpenJDK 64-Bit Server VM"/>
    <property name="sun.os.patch.level" value=""/>
    <property name="user.script" value=""/>
    <property name="user.country" value="BR"/>
    <property name="sun.java.launcher" value="SUN_STANDARD"/>
    <property name="java.vm.specification.name" value="Java Virtual Machine Specification"/>
    <property name="user.dir" value="C:\Users\F7287356\OneDrive - Banco do Brasil S.A\Área de Trabalho\Java\LetsCode\Maven\Loja"/>
    <property name="java.vm.compressedOopsMode" value="Zero based"/>
    <property name="java.runtime.version" value="11.0.2+9"/>
    <property name="java.awt.graphicsenv" value="sun.awt.Win32GraphicsEnvironment"/>
    <property name="os.arch" value="amd64"/>
    <property name="java.io.tmpdir" value="C:\Users\F7287356\AppData\Local\Temp\"/>
    <property name="line.separator" value="
"/>
    <property name="java.vm.specification.vendor" value="Oracle Corporation"/>
    <property name="user.variant" value=""/>
    <property name="os.name" value="Windows 10"/>
    <property name="classworlds.conf" value="C:/Users/F7287356/OneDrive - Banco do Brasil S.A/Área de Trabalho/Maven/apache-maven-3.8.5-bin/apache-maven-3.8.5/bin/m2.conf"/>
    <property name="sun.jnu.encoding" value="Cp1252"/>
    <property name="java.library.path" value="C:\Users\F7287356\jdk\bin;C:\Windows\Sun\Java\bin;C:\Windows\system32;C:\Windows;C:\Users\F7287356\bin;C:\Users\F7287356\AppData\Local\Programs\Git\mingw64\bin;C:\Users\F7287356\AppData\Local\Programs\Git\usr\local\bin;C:\Users\F7287356\AppData\Local\Programs\Git\usr\bin;C:\Users\F7287356\AppData\Local\Programs\Git\usr\bin;C:\Users\F7287356\AppData\Local\Programs\Git\mingw64\bin;C:\Users\F7287356\AppData\Local\Programs\Git\usr\bin;C:\Users\F7287356\bin;C:\ProgramData\Oracle\Java\javapath;C:\Windows\system32;C:\Windows;C:\Windows\System32\Wbem;C:\Windows\System32\WindowsPowerShell\v1.0;C:\Windows\System32\OpenSSH;C:\Users\F7287356\jdk\bin;C:\Users\F7287356\node;C:\Users\F7287356\OneDrive - Banco do Brasil S.A\Área de Trabalho\Maven\apache-maven-3.8.5-bin\apache-maven-3.8.5\bin;C:\HashiCorp\Vagrant\bin;C:\Program Files\MySQL\MySQL Shell 8.0\bin;C:\Users\F7287356\AppData\Local\Microsoft\WindowsApps;C:\Users\F7287356\AppData\Local\Programs\Microsoft VS Code\bin;C:\Users\F7287356\AppData\Local\Programs\Git\cmd;C:\Users\F7287356\AppData\Local\JetBrains\Toolbox\scripts;C:\Users\F7287356\AppData\Local\Programs\Git\usr\bin\vendor_perl;C:\Users\F7287356\AppData\Local\Programs\Git\usr\bin\core_perl;."/>
    <property name="maven.conf" value="C:/Users/F7287356/OneDrive - Banco do Brasil S.A/Área de Trabalho/Maven/apache-maven-3.8.5-bin/apache-maven-3.8.5/conf"/>
    <property name="jdk.debug" value="release"/>
    <property name="java.class.version" value="55.0"/>
    <property name="java.specification.name" value="Java Platform API Specification"/>
    <property name="sun.management.compiler" value="HotSpot 64-Bit Tiered Compilers"/>
    <property name="os.version" value="10.0"/>
    <property name="library.jansi.path" value="C:/Users/F7287356/OneDrive - Banco do Brasil S.A/Área de Trabalho/Maven/apache-maven-3.8.5-bin/apache-maven-3.8.5/lib/jansi-native"/>
    <property name="user.home" value="C:\Users\F7287356"/>
    <property name="user.timezone" value="America/Sao_Paulo"/>
    <property name="java.awt.printerjob" value="sun.awt.windows.WPrinterJob"/>
    <property name="file.encoding" value="Cp1252"/>
    <property name="java.specification.version" value="11"/>
    <property name="user.name" value="F7287356"/>
    <property name="java.class.path" value="C:/Users/F7287356/OneDrive - Banco do Brasil S.A/Área de Trabalho/Maven/apache-maven-3.8.5-bin/apache-maven-3.8.5/boot/plexus-classworlds-2.6.0.jar"/>
    <property name="java.vm.specification.version" value="11"/>
    <property name="sun.arch.data.model" value="64"/>
    <property name="sun.java.command" value="org.codehaus.plexus.classworlds.launcher.Launcher package"/>
    <property name="java.home" value="C:\Users\F7287356\jdk"/>
    <property name="user.language" value="pt"/>
    <property name="java.specification.vendor" value="Oracle Corporation"/>
    <property name="awt.toolkit" value="sun.awt.windows.WToolkit"/>
    <property name="java.vm.info" value="mixed mode"/>
    <property name="java.version" value="11.0.2"/>
    <property name="java.vendor" value="Oracle Corporation"/>
    <property name="maven.home" value="C:\Users\F7287356\OneDrive - Banco do Brasil S.A\Área de Trabalho\Maven\apache-maven-3.8.5-bin\apache-maven-3.8.5"/>
    <property name="file.separator" value="\"/>
    <property name="java.version.date" value="2019-01-15"/>
    <property name="java.vendor.url.bug" value="http://bugreport.java.com/bugreport/"/>
    <property name="sun.io.unicode.encoding" value="UnicodeLittle"/>
    <property name="sun.cpu.endian" value="little"/>
    <property name="java.vendor.version" value="18.9"/>
    <property name="sun.desktop" value="windows"/>
    <property name="sun.cpu.isalist" value="amd64"/>
  </properties>
  <testcase classname="org.example.AppTest" name="testApp" time="0.005"/>
</testsuite>